<?xml version="1.0" encoding="UTF-8"?>
<testng-results skipped="0" failed="0" ignored="0" total="1" passed="1">
  <reporter-output>
  </reporter-output>
  <suite name="com.qainfotech.automation.Junit_tatoc.AppTest" duration-ms="5829" started-at="2018-06-21T13:23:16Z" finished-at="2018-06-21T13:23:21Z">
    <groups>
    </groups>
    <test name="Command line test" duration-ms="5829" started-at="2018-06-21T13:23:16Z" finished-at="2018-06-21T13:23:21Z">
      <class name="com.qainfotech.automation.Junit_tatoc.AppTest">
        <test-method status="PASS" signature="launchBrowser()[pri:0, instance:com.qainfotech.automation.Junit_tatoc.AppTest@248e319b]" name="launchBrowser" is-config="true" duration-ms="559" started-at="2018-06-21T13:23:16Z" finished-at="2018-06-21T13:23:16Z">
          <reporter-output>
          </reporter-output>
        </test-method> <!-- launchBrowser -->
        <test-method status="PASS" signature="basic_selenium_automation()[pri:0, instance:com.qainfotech.automation.Junit_tatoc.AppTest@248e319b]" name="basic_selenium_automation" duration-ms="4611" started-at="2018-06-21T13:23:16Z" finished-at="2018-06-21T13:23:21Z">
          <reporter-output>
          </reporter-output>
        </test-method> <!-- basic_selenium_automation -->
        <test-method status="PASS" signature="closeBrowser()[pri:0, instance:com.qainfotech.automation.Junit_tatoc.AppTest@248e319b]" name="closeBrowser" is-config="true" duration-ms="631" started-at="2018-06-21T13:23:21Z" finished-at="2018-06-21T13:23:21Z">
          <reporter-output>
          </reporter-output>
        </test-method> <!-- closeBrowser -->
      </class> <!-- com.qainfotech.automation.Junit_tatoc.AppTest -->
    </test> <!-- Command line test -->
  </suite> <!-- com.qainfotech.automation.Junit_tatoc.AppTest -->
</testng-results>
